<?xml version="1.0" encoding="UTF-8"?>
<!-- Generated by org.testng.reporters.JUnitXMLReporter -->
<testsuite ignored="0" hostname="was-5mwmd6r-mac" failures="2" tests="3" name="Test" time="12.242" errors="0" timestamp="2021-04-17T14:49:46 CEST">
  <testcase classname="IOSTest.iOSTestValidations" name="ButtonFunctionalValidation" time="3.296"/>
  <testcase classname="IOSTest.iOSTestValidations" name="ButtonUIValidation" time="0.319">
    <failure type="java.lang.AssertionError" message="expected [Button] but found [null]">
      <![CDATA[java.lang.AssertionError: expected [Button] but found [null]
at common.BaseFunctions.buttonExistanceValidation(BaseFunctions.java:87)
at IOSTest.iOSTestValidations.ButtonUIValidation(iOSTestValidations.java:33)
at java.base/java.util.ArrayList.forEach(ArrayList.java:1540)
... Removed 33 stack frames]]>
    </failure>
  </testcase> <!-- ButtonUIValidation -->
  <testcase classname="IOSTest.iOSTestValidations" name="mainBodyValidation" time="0.27">
    <failure type="java.lang.AssertionError" message="expected [Hello] but found [€ 74.401.200,00]">
      <![CDATA[java.lang.AssertionError: expected [Hello] but found [€ 74.401.200,00]
at common.BaseFunctions.firstTextValidation(BaseFunctions.java:78)
at IOSTest.iOSTestValidations.mainBodyValidation(iOSTestValidations.java:25)
at java.base/java.util.ArrayList.forEach(ArrayList.java:1540)
... Removed 32 stack frames]]>
    </failure>
  </testcase> <!-- mainBodyValidation -->
</testsuite> <!-- Test -->
